<?xml version="1.0" encoding="UTF-8"?>
<!-- Generated by org.testng.reporters.JUnitReportReporter -->
<testsuite hostname="BAGHBAN" failures="0" tests="4" name="api.test.UserTests2" time="5.168" errors="0" timestamp="2024-02-06T10:52:24 PST" skipped="0">
  <testcase classname="api.test.UserTests2" name="testPostUser" time="2.851"/>
  <system-out/>
  <testcase classname="api.test.UserTests2" name="getUserByName" time="0.508"/>
  <system-out/>
  <testcase classname="api.test.UserTests2" name="updateUserByName" time="1.352"/>
  <system-out/>
  <testcase classname="api.test.UserTests2" name="deleteUserByName" time="0.457"/>
  <system-out/>
</testsuite> <!-- api.test.UserTests2 -->
