<?xml version="1.0" encoding="UTF-8"?>
<!-- Generated by org.testng.reporters.JUnitReportReporter -->
<testsuite hostname="BAGHBAN" failures="0" tests="4" name="api.test.UserTests" time="5.659" errors="0" timestamp="2024-01-30T15:28:12 PST" skipped="0">
  <testcase classname="api.test.UserTests" name="testPostUser" time="3.610"/>
  <system-out/>
  <testcase classname="api.test.UserTests" name="getUserByName" time="0.583"/>
  <system-out/>
  <testcase classname="api.test.UserTests" name="updateUserByName" time="0.982"/>
  <system-out/>
  <testcase classname="api.test.UserTests" name="deleteUserByName" time="0.484"/>
  <system-out/>
</testsuite> <!-- api.test.UserTests -->
