<?xml version="1.0" encoding="UTF-8"?>
<!-- Generated by org.testng.reporters.JUnitReportReporter -->
<testsuite hostname="BAGHBAN" failures="0" tests="4" name="api.test.UserTests2" time="5.251" errors="0" timestamp="2024-02-05T18:58:25 PST" skipped="0">
  <testcase classname="api.test.UserTests2" name="testPostUser" time="3.239"/>
  <system-out/>
  <testcase classname="api.test.UserTests2" name="getUserByName" time="0.540"/>
  <system-out/>
  <testcase classname="api.test.UserTests2" name="updateUserByName" time="0.971"/>
  <system-out/>
  <testcase classname="api.test.UserTests2" name="deleteUserByName" time="0.501"/>
  <system-out/>
</testsuite> <!-- api.test.UserTests2 -->
