<?xml version="1.0" encoding="UTF-8"?>
<!-- Generated by org.testng.reporters.JUnitReportReporter -->
<testsuite hostname="BAGHBAN" failures="0" tests="10" name="api.test.DDTests" time="6.551" errors="0" timestamp="2024-02-05T08:10:24 PST" skipped="0">
  <testcase classname="api.test.DDTests" name="testPostuser" time="0.457"/>
  <system-out/>
  <testcase classname="api.test.DDTests" name="testPostuser" time="0.440"/>
  <system-out/>
  <testcase classname="api.test.DDTests" name="testPostuser" time="0.451"/>
  <system-out/>
  <testcase classname="api.test.DDTests" name="testPostuser" time="0.449"/>
  <system-out/>
  <testcase classname="api.test.DDTests" name="testPostuser" time="2.505"/>
  <system-out/>
  <testcase classname="api.test.DDTests" name="testDeleteUserByName" time="0.444"/>
  <system-out/>
  <testcase classname="api.test.DDTests" name="testDeleteUserByName" time="0.456"/>
  <system-out/>
  <testcase classname="api.test.DDTests" name="testDeleteUserByName" time="0.439"/>
  <system-out/>
  <testcase classname="api.test.DDTests" name="testDeleteUserByName" time="0.471"/>
  <system-out/>
  <testcase classname="api.test.DDTests" name="testDeleteUserByName" time="0.439"/>
  <system-out/>
</testsuite> <!-- api.test.DDTests -->
